2017-09-01 18:04:29,425 [INFO] from play.api.http.EnabledFilters in scala-execution-context-global-59 - Enabled Filters (see <https://www.playframework.com/documentation/latest/Filters>):


2017-09-01 18:04:29,434 [INFO] from play.api.Play in scala-execution-context-global-59 - Application started (Dev)
2017-09-01 18:06:25,594 [INFO] from play.api.http.EnabledFilters in scala-execution-context-global-116 - Enabled Filters (see <https://www.playframework.com/documentation/latest/Filters>):


2017-09-01 18:06:25,594 [INFO] from play.api.Play in scala-execution-context-global-116 - Application started (Dev)
2017-09-01 18:08:55,760 [ERROR] from application in play-dev-mode-akka.actor.default-dispatcher-15 - 

! @757fo1oej - Internal server error, for (GET) [/contract] ->
 
play.sbt.PlayExceptions$CompilationException: Compilation error[No Json serializer found for type Seq[(models.Contract, scala.concurrent.Future[models.Person])]. Try to implement an implicit Writes or Format for this type.]
	at play.sbt.PlayExceptions$CompilationException$.apply(PlayExceptions.scala:27)
	at play.sbt.PlayExceptions$CompilationException$.apply(PlayExceptions.scala:27)
	at scala.Option.map(Option.scala:145)
	at play.sbt.run.PlayReload$$anonfun$taskFailureHandler$1.apply(PlayReload.scala:49)
	at play.sbt.run.PlayReload$$anonfun$taskFailureHandler$1.apply(PlayReload.scala:44)
	at scala.Option.map(Option.scala:145)
	at play.sbt.run.PlayReload$.taskFailureHandler(PlayReload.scala:44)
	at play.sbt.run.PlayReload$.compileFailure(PlayReload.scala:40)
	at play.sbt.run.PlayReload$$anonfun$compile$1.apply(PlayReload.scala:17)
	at play.sbt.run.PlayReload$$anonfun$compile$1.apply(PlayReload.scala:17)
	at scala.util.Either$LeftProjection.map(Either.scala:377)
	at play.sbt.run.PlayReload$.compile(PlayReload.scala:17)
	at play.sbt.run.PlayRun$$anonfun$playRunTask$1$$anonfun$apply$2$$anonfun$apply$3$$anonfun$3.apply(PlayRun.scala:71)
	at play.sbt.run.PlayRun$$anonfun$playRunTask$1$$anonfun$apply$2$$anonfun$apply$3$$anonfun$3.apply(PlayRun.scala:71)
	at play.runsupport.Reloader$$anonfun$reload$1.apply(Reloader.scala:413)
	at play.runsupport.Reloader$$anon$5.run(Reloader.scala:51)
	at java.security.AccessController.doPrivileged(Native Method)
	at play.runsupport.Reloader$.play$runsupport$Reloader$$withReloaderContextClassLoader(Reloader.scala:47)
	at play.runsupport.Reloader.reload(Reloader.scala:411)
	at play.core.server.DevServerStart$$anon$1.$anonfun$get$1(DevServerStart.scala:125)
	at scala.concurrent.Future$.$anonfun$apply$1(Future.scala:653)
	at scala.util.Success.$anonfun$map$1(Try.scala:251)
	at scala.util.Success.map(Try.scala:209)
	at scala.concurrent.Future.$anonfun$map$1(Future.scala:287)
	at scala.concurrent.impl.Promise.liftedTree1$1(Promise.scala:29)
	at scala.concurrent.impl.Promise.$anonfun$transform$1(Promise.scala:29)
	at scala.concurrent.impl.CallbackRunnable.run(Promise.scala:60)
	at scala.concurrent.impl.ExecutionContextImpl$AdaptedForkJoinTask.exec(ExecutionContextImpl.scala:140)
	at java.util.concurrent.ForkJoinTask.doExec(ForkJoinTask.java:289)
	at java.util.concurrent.ForkJoinPool$WorkQueue.runTask(ForkJoinPool.java:1056)
	at java.util.concurrent.ForkJoinPool.runWorker(ForkJoinPool.java:1692)
	at java.util.concurrent.ForkJoinWorkerThread.run(ForkJoinWorkerThread.java:157)
2017-09-01 18:10:14,617 [ERROR] from application in play-dev-mode-akka.actor.default-dispatcher-7 - 

! @757fo6bc5 - Internal server error, for (GET) [/contract] ->
 
play.sbt.PlayExceptions$CompilationException: Compilation error[type mismatch;
 found   : slick.sql.SqlAction[Option[models.Person],slick.dbio.NoStream,slick.dbio.Effect.Read]
 required: slick.dbio.DBIOAction[models.Person,slick.dbio.NoStream,Nothing]]
	at play.sbt.PlayExceptions$CompilationException$.apply(PlayExceptions.scala:27)
	at play.sbt.PlayExceptions$CompilationException$.apply(PlayExceptions.scala:27)
	at scala.Option.map(Option.scala:145)
	at play.sbt.run.PlayReload$$anonfun$taskFailureHandler$1.apply(PlayReload.scala:49)
	at play.sbt.run.PlayReload$$anonfun$taskFailureHandler$1.apply(PlayReload.scala:44)
	at scala.Option.map(Option.scala:145)
	at play.sbt.run.PlayReload$.taskFailureHandler(PlayReload.scala:44)
	at play.sbt.run.PlayReload$.compileFailure(PlayReload.scala:40)
	at play.sbt.run.PlayReload$$anonfun$compile$1.apply(PlayReload.scala:17)
	at play.sbt.run.PlayReload$$anonfun$compile$1.apply(PlayReload.scala:17)
	at scala.util.Either$LeftProjection.map(Either.scala:377)
	at play.sbt.run.PlayReload$.compile(PlayReload.scala:17)
	at play.sbt.run.PlayRun$$anonfun$playRunTask$1$$anonfun$apply$2$$anonfun$apply$3$$anonfun$3.apply(PlayRun.scala:71)
	at play.sbt.run.PlayRun$$anonfun$playRunTask$1$$anonfun$apply$2$$anonfun$apply$3$$anonfun$3.apply(PlayRun.scala:71)
	at play.runsupport.Reloader$$anonfun$reload$1.apply(Reloader.scala:413)
	at play.runsupport.Reloader$$anon$5.run(Reloader.scala:51)
	at java.security.AccessController.doPrivileged(Native Method)
	at play.runsupport.Reloader$.play$runsupport$Reloader$$withReloaderContextClassLoader(Reloader.scala:47)
	at play.runsupport.Reloader.reload(Reloader.scala:411)
	at play.core.server.DevServerStart$$anon$1.$anonfun$get$1(DevServerStart.scala:125)
	at scala.concurrent.Future$.$anonfun$apply$1(Future.scala:653)
	at scala.util.Success.$anonfun$map$1(Try.scala:251)
	at scala.util.Success.map(Try.scala:209)
	at scala.concurrent.Future.$anonfun$map$1(Future.scala:287)
	at scala.concurrent.impl.Promise.liftedTree1$1(Promise.scala:29)
	at scala.concurrent.impl.Promise.$anonfun$transform$1(Promise.scala:29)
	at scala.concurrent.impl.CallbackRunnable.run(Promise.scala:60)
	at scala.concurrent.impl.ExecutionContextImpl$AdaptedForkJoinTask.exec(ExecutionContextImpl.scala:140)
	at java.util.concurrent.ForkJoinTask.doExec(ForkJoinTask.java:289)
	at java.util.concurrent.ForkJoinPool$WorkQueue.runTask(ForkJoinPool.java:1056)
	at java.util.concurrent.ForkJoinPool.runWorker(ForkJoinPool.java:1692)
	at java.util.concurrent.ForkJoinWorkerThread.run(ForkJoinWorkerThread.java:157)
2017-09-01 19:00:30,000 [INFO] from play.api.http.EnabledFilters in scala-execution-context-global-238 - Enabled Filters (see <https://www.playframework.com/documentation/latest/Filters>):


2017-09-01 19:00:30,000 [INFO] from play.api.Play in scala-execution-context-global-238 - Application started (Dev)
2017-09-01 19:04:23,605 [ERROR] from application in play-dev-mode-akka.actor.default-dispatcher-43 - 

! @757g597h7 - Internal server error, for (GET) [/contract] ->
 
play.sbt.PlayExceptions$CompilationException: Compilation error[No Json serializer found for type Seq[(models.Contract, scala.concurrent.Future[Seq[models.Person]])]. Try to implement an implicit Writes or Format for this type.]
	at play.sbt.PlayExceptions$CompilationException$.apply(PlayExceptions.scala:27)
	at play.sbt.PlayExceptions$CompilationException$.apply(PlayExceptions.scala:27)
	at scala.Option.map(Option.scala:145)
	at play.sbt.run.PlayReload$$anonfun$taskFailureHandler$1.apply(PlayReload.scala:49)
	at play.sbt.run.PlayReload$$anonfun$taskFailureHandler$1.apply(PlayReload.scala:44)
	at scala.Option.map(Option.scala:145)
	at play.sbt.run.PlayReload$.taskFailureHandler(PlayReload.scala:44)
	at play.sbt.run.PlayReload$.compileFailure(PlayReload.scala:40)
	at play.sbt.run.PlayReload$$anonfun$compile$1.apply(PlayReload.scala:17)
	at play.sbt.run.PlayReload$$anonfun$compile$1.apply(PlayReload.scala:17)
	at scala.util.Either$LeftProjection.map(Either.scala:377)
	at play.sbt.run.PlayReload$.compile(PlayReload.scala:17)
	at play.sbt.run.PlayRun$$anonfun$playRunTask$1$$anonfun$apply$2$$anonfun$apply$3$$anonfun$3.apply(PlayRun.scala:71)
	at play.sbt.run.PlayRun$$anonfun$playRunTask$1$$anonfun$apply$2$$anonfun$apply$3$$anonfun$3.apply(PlayRun.scala:71)
	at play.runsupport.Reloader$$anonfun$reload$1.apply(Reloader.scala:413)
	at play.runsupport.Reloader$$anon$5.run(Reloader.scala:51)
	at java.security.AccessController.doPrivileged(Native Method)
	at play.runsupport.Reloader$.play$runsupport$Reloader$$withReloaderContextClassLoader(Reloader.scala:47)
	at play.runsupport.Reloader.reload(Reloader.scala:411)
	at play.core.server.DevServerStart$$anon$1.$anonfun$get$1(DevServerStart.scala:125)
	at scala.concurrent.Future$.$anonfun$apply$1(Future.scala:653)
	at scala.util.Success.$anonfun$map$1(Try.scala:251)
	at scala.util.Success.map(Try.scala:209)
	at scala.concurrent.Future.$anonfun$map$1(Future.scala:287)
	at scala.concurrent.impl.Promise.liftedTree1$1(Promise.scala:29)
	at scala.concurrent.impl.Promise.$anonfun$transform$1(Promise.scala:29)
	at scala.concurrent.impl.CallbackRunnable.run(Promise.scala:60)
	at scala.concurrent.impl.ExecutionContextImpl$AdaptedForkJoinTask.exec(ExecutionContextImpl.scala:140)
	at java.util.concurrent.ForkJoinTask.doExec(ForkJoinTask.java:289)
	at java.util.concurrent.ForkJoinPool$WorkQueue.runTask(ForkJoinPool.java:1056)
	at java.util.concurrent.ForkJoinPool.runWorker(ForkJoinPool.java:1692)
	at java.util.concurrent.ForkJoinWorkerThread.run(ForkJoinWorkerThread.java:157)
2017-09-01 19:08:16,413 [INFO] from play.api.http.EnabledFilters in scala-execution-context-global-339 - Enabled Filters (see <https://www.playframework.com/documentation/latest/Filters>):


2017-09-01 19:08:16,413 [INFO] from play.api.Play in scala-execution-context-global-339 - Application started (Dev)
2017-09-01 19:10:18,271 [INFO] from play.api.http.EnabledFilters in scala-execution-context-global-400 - Enabled Filters (see <https://www.playframework.com/documentation/latest/Filters>):


2017-09-01 19:10:18,273 [INFO] from play.api.Play in scala-execution-context-global-400 - Application started (Dev)
2017-09-01 19:13:29,581 [WARN] from com.zaxxer.hikari.pool.HikariPool in db housekeeper - db - Thread starvation or clock leap detected (housekeeper delta=3m11s542ms62탎817ns).
2017-09-01 19:15:11,782 [WARN] from com.zaxxer.hikari.pool.HikariPool in db housekeeper - db - Thread starvation or clock leap detected (housekeeper delta=1m10s320ms393탎648ns).
2017-09-01 19:22:06,975 [ERROR] from application in play-dev-mode-akka.actor.default-dispatcher-73 - 

! @757g7hki4 - Internal server error, for (GET) [/contract] ->
 
play.sbt.PlayExceptions$CompilationException: Compilation error[inferred type arguments [Boolean] do not conform to method filter's type parameter bounds [T <: slick.lifted.Rep[_]]]
	at play.sbt.PlayExceptions$CompilationException$.apply(PlayExceptions.scala:27)
	at play.sbt.PlayExceptions$CompilationException$.apply(PlayExceptions.scala:27)
	at scala.Option.map(Option.scala:145)
	at play.sbt.run.PlayReload$$anonfun$taskFailureHandler$1.apply(PlayReload.scala:49)
	at play.sbt.run.PlayReload$$anonfun$taskFailureHandler$1.apply(PlayReload.scala:44)
	at scala.Option.map(Option.scala:145)
	at play.sbt.run.PlayReload$.taskFailureHandler(PlayReload.scala:44)
	at play.sbt.run.PlayReload$.compileFailure(PlayReload.scala:40)
	at play.sbt.run.PlayReload$$anonfun$compile$1.apply(PlayReload.scala:17)
	at play.sbt.run.PlayReload$$anonfun$compile$1.apply(PlayReload.scala:17)
	at scala.util.Either$LeftProjection.map(Either.scala:377)
	at play.sbt.run.PlayReload$.compile(PlayReload.scala:17)
	at play.sbt.run.PlayRun$$anonfun$playRunTask$1$$anonfun$apply$2$$anonfun$apply$3$$anonfun$3.apply(PlayRun.scala:71)
	at play.sbt.run.PlayRun$$anonfun$playRunTask$1$$anonfun$apply$2$$anonfun$apply$3$$anonfun$3.apply(PlayRun.scala:71)
	at play.runsupport.Reloader$$anonfun$reload$1.apply(Reloader.scala:413)
	at play.runsupport.Reloader$$anon$5.run(Reloader.scala:51)
	at java.security.AccessController.doPrivileged(Native Method)
	at play.runsupport.Reloader$.play$runsupport$Reloader$$withReloaderContextClassLoader(Reloader.scala:47)
	at play.runsupport.Reloader.reload(Reloader.scala:411)
	at play.core.server.DevServerStart$$anon$1.$anonfun$get$1(DevServerStart.scala:125)
	at scala.concurrent.Future$.$anonfun$apply$1(Future.scala:653)
	at scala.util.Success.$anonfun$map$1(Try.scala:251)
	at scala.util.Success.map(Try.scala:209)
	at scala.concurrent.Future.$anonfun$map$1(Future.scala:287)
	at scala.concurrent.impl.Promise.liftedTree1$1(Promise.scala:29)
	at scala.concurrent.impl.Promise.$anonfun$transform$1(Promise.scala:29)
	at scala.concurrent.impl.CallbackRunnable.run(Promise.scala:60)
	at scala.concurrent.impl.ExecutionContextImpl$AdaptedForkJoinTask.exec(ExecutionContextImpl.scala:140)
	at java.util.concurrent.ForkJoinTask.doExec(ForkJoinTask.java:289)
	at java.util.concurrent.ForkJoinPool$WorkQueue.runTask(ForkJoinPool.java:1056)
	at java.util.concurrent.ForkJoinPool.runWorker(ForkJoinPool.java:1692)
	at java.util.concurrent.ForkJoinWorkerThread.run(ForkJoinWorkerThread.java:157)
2017-09-01 19:22:33,621 [INFO] from play.api.http.EnabledFilters in scala-execution-context-global-497 - Enabled Filters (see <https://www.playframework.com/documentation/latest/Filters>):


2017-09-01 19:22:33,622 [INFO] from play.api.Play in scala-execution-context-global-497 - Application started (Dev)
2017-09-01 19:28:13,887 [ERROR] from application in play-dev-mode-akka.actor.default-dispatcher-88 - 

! @757g8chc4 - Internal server error, for (GET) [/contract] ->
 
play.sbt.PlayExceptions$CompilationException: Compilation error[No Json serializer found for type Seq[(models.Contract, scala.concurrent.Future[Option[models.Person]])]. Try to implement an implicit Writes or Format for this type.]
	at play.sbt.PlayExceptions$CompilationException$.apply(PlayExceptions.scala:27)
	at play.sbt.PlayExceptions$CompilationException$.apply(PlayExceptions.scala:27)
	at scala.Option.map(Option.scala:145)
	at play.sbt.run.PlayReload$$anonfun$taskFailureHandler$1.apply(PlayReload.scala:49)
	at play.sbt.run.PlayReload$$anonfun$taskFailureHandler$1.apply(PlayReload.scala:44)
	at scala.Option.map(Option.scala:145)
	at play.sbt.run.PlayReload$.taskFailureHandler(PlayReload.scala:44)
	at play.sbt.run.PlayReload$.compileFailure(PlayReload.scala:40)
	at play.sbt.run.PlayReload$$anonfun$compile$1.apply(PlayReload.scala:17)
	at play.sbt.run.PlayReload$$anonfun$compile$1.apply(PlayReload.scala:17)
	at scala.util.Either$LeftProjection.map(Either.scala:377)
	at play.sbt.run.PlayReload$.compile(PlayReload.scala:17)
	at play.sbt.run.PlayRun$$anonfun$playRunTask$1$$anonfun$apply$2$$anonfun$apply$3$$anonfun$3.apply(PlayRun.scala:71)
	at play.sbt.run.PlayRun$$anonfun$playRunTask$1$$anonfun$apply$2$$anonfun$apply$3$$anonfun$3.apply(PlayRun.scala:71)
	at play.runsupport.Reloader$$anonfun$reload$1.apply(Reloader.scala:413)
	at play.runsupport.Reloader$$anon$5.run(Reloader.scala:51)
	at java.security.AccessController.doPrivileged(Native Method)
	at play.runsupport.Reloader$.play$runsupport$Reloader$$withReloaderContextClassLoader(Reloader.scala:47)
	at play.runsupport.Reloader.reload(Reloader.scala:411)
	at play.core.server.DevServerStart$$anon$1.$anonfun$get$1(DevServerStart.scala:125)
	at scala.concurrent.Future$.$anonfun$apply$1(Future.scala:653)
	at scala.util.Success.$anonfun$map$1(Try.scala:251)
	at scala.util.Success.map(Try.scala:209)
	at scala.concurrent.Future.$anonfun$map$1(Future.scala:287)
	at scala.concurrent.impl.Promise.liftedTree1$1(Promise.scala:29)
	at scala.concurrent.impl.Promise.$anonfun$transform$1(Promise.scala:29)
	at scala.concurrent.impl.CallbackRunnable.run(Promise.scala:60)
	at scala.concurrent.impl.ExecutionContextImpl$AdaptedForkJoinTask.exec(ExecutionContextImpl.scala:140)
	at java.util.concurrent.ForkJoinTask.doExec(ForkJoinTask.java:289)
	at java.util.concurrent.ForkJoinPool$WorkQueue.runTask(ForkJoinPool.java:1056)
	at java.util.concurrent.ForkJoinPool.runWorker(ForkJoinPool.java:1692)
	at java.util.concurrent.ForkJoinWorkerThread.run(ForkJoinWorkerThread.java:157)
2017-09-01 19:28:50,178 [INFO] from play.api.http.EnabledFilters in scala-execution-context-global-582 - Enabled Filters (see <https://www.playframework.com/documentation/latest/Filters>):


2017-09-01 19:28:50,178 [INFO] from play.api.Play in scala-execution-context-global-582 - Application started (Dev)
2017-09-01 19:34:54,814 [ERROR] from application in play-dev-mode-akka.actor.default-dispatcher-99 - 

! @757g99ceb - Internal server error, for (GET) [/contract] ->
 
play.sbt.PlayExceptions$CompilationException: Compilation error[identifier expected but '(' found.]
	at play.sbt.PlayExceptions$CompilationException$.apply(PlayExceptions.scala:27)
	at play.sbt.PlayExceptions$CompilationException$.apply(PlayExceptions.scala:27)
	at scala.Option.map(Option.scala:145)
	at play.sbt.run.PlayReload$$anonfun$taskFailureHandler$1.apply(PlayReload.scala:49)
	at play.sbt.run.PlayReload$$anonfun$taskFailureHandler$1.apply(PlayReload.scala:44)
	at scala.Option.map(Option.scala:145)
	at play.sbt.run.PlayReload$.taskFailureHandler(PlayReload.scala:44)
	at play.sbt.run.PlayReload$.compileFailure(PlayReload.scala:40)
	at play.sbt.run.PlayReload$$anonfun$compile$1.apply(PlayReload.scala:17)
	at play.sbt.run.PlayReload$$anonfun$compile$1.apply(PlayReload.scala:17)
	at scala.util.Either$LeftProjection.map(Either.scala:377)
	at play.sbt.run.PlayReload$.compile(PlayReload.scala:17)
	at play.sbt.run.PlayRun$$anonfun$playRunTask$1$$anonfun$apply$2$$anonfun$apply$3$$anonfun$3.apply(PlayRun.scala:71)
	at play.sbt.run.PlayRun$$anonfun$playRunTask$1$$anonfun$apply$2$$anonfun$apply$3$$anonfun$3.apply(PlayRun.scala:71)
	at play.runsupport.Reloader$$anonfun$reload$1.apply(Reloader.scala:413)
	at play.runsupport.Reloader$$anon$5.run(Reloader.scala:51)
	at java.security.AccessController.doPrivileged(Native Method)
	at play.runsupport.Reloader$.play$runsupport$Reloader$$withReloaderContextClassLoader(Reloader.scala:47)
	at play.runsupport.Reloader.reload(Reloader.scala:411)
	at play.core.server.DevServerStart$$anon$1.$anonfun$get$1(DevServerStart.scala:125)
	at scala.concurrent.Future$.$anonfun$apply$1(Future.scala:653)
	at scala.util.Success.$anonfun$map$1(Try.scala:251)
	at scala.util.Success.map(Try.scala:209)
	at scala.concurrent.Future.$anonfun$map$1(Future.scala:287)
	at scala.concurrent.impl.Promise.liftedTree1$1(Promise.scala:29)
	at scala.concurrent.impl.Promise.$anonfun$transform$1(Promise.scala:29)
	at scala.concurrent.impl.CallbackRunnable.run(Promise.scala:60)
	at scala.concurrent.impl.ExecutionContextImpl$AdaptedForkJoinTask.exec(ExecutionContextImpl.scala:140)
	at java.util.concurrent.ForkJoinTask.doExec(ForkJoinTask.java:289)
	at java.util.concurrent.ForkJoinPool$WorkQueue.runTask(ForkJoinPool.java:1056)
	at java.util.concurrent.ForkJoinPool.runWorker(ForkJoinPool.java:1692)
	at java.util.concurrent.ForkJoinWorkerThread.run(ForkJoinWorkerThread.java:157)
2017-09-01 19:35:07,057 [ERROR] from application in play-dev-mode-akka.actor.default-dispatcher-101 - 

! @757g9a4h7 - Internal server error, for (GET) [/contract] ->
 
play.sbt.PlayExceptions$CompilationException: Compilation error[type mismatch;
 found   : Seq[play.api.mvc.Result]
 required: scala.concurrent.Future[play.api.mvc.Result]]
	at play.sbt.PlayExceptions$CompilationException$.apply(PlayExceptions.scala:27)
	at play.sbt.PlayExceptions$CompilationException$.apply(PlayExceptions.scala:27)
	at scala.Option.map(Option.scala:145)
	at play.sbt.run.PlayReload$$anonfun$taskFailureHandler$1.apply(PlayReload.scala:49)
	at play.sbt.run.PlayReload$$anonfun$taskFailureHandler$1.apply(PlayReload.scala:44)
	at scala.Option.map(Option.scala:145)
	at play.sbt.run.PlayReload$.taskFailureHandler(PlayReload.scala:44)
	at play.sbt.run.PlayReload$.compileFailure(PlayReload.scala:40)
	at play.sbt.run.PlayReload$$anonfun$compile$1.apply(PlayReload.scala:17)
	at play.sbt.run.PlayReload$$anonfun$compile$1.apply(PlayReload.scala:17)
	at scala.util.Either$LeftProjection.map(Either.scala:377)
	at play.sbt.run.PlayReload$.compile(PlayReload.scala:17)
	at play.sbt.run.PlayRun$$anonfun$playRunTask$1$$anonfun$apply$2$$anonfun$apply$3$$anonfun$3.apply(PlayRun.scala:71)
	at play.sbt.run.PlayRun$$anonfun$playRunTask$1$$anonfun$apply$2$$anonfun$apply$3$$anonfun$3.apply(PlayRun.scala:71)
	at play.runsupport.Reloader$$anonfun$reload$1.apply(Reloader.scala:413)
	at play.runsupport.Reloader$$anon$5.run(Reloader.scala:51)
	at java.security.AccessController.doPrivileged(Native Method)
	at play.runsupport.Reloader$.play$runsupport$Reloader$$withReloaderContextClassLoader(Reloader.scala:47)
	at play.runsupport.Reloader.reload(Reloader.scala:411)
	at play.core.server.DevServerStart$$anon$1.$anonfun$get$1(DevServerStart.scala:125)
	at scala.concurrent.Future$.$anonfun$apply$1(Future.scala:653)
	at scala.util.Success.$anonfun$map$1(Try.scala:251)
	at scala.util.Success.map(Try.scala:209)
	at scala.concurrent.Future.$anonfun$map$1(Future.scala:287)
	at scala.concurrent.impl.Promise.liftedTree1$1(Promise.scala:29)
	at scala.concurrent.impl.Promise.$anonfun$transform$1(Promise.scala:29)
	at scala.concurrent.impl.CallbackRunnable.run(Promise.scala:60)
	at scala.concurrent.impl.ExecutionContextImpl$AdaptedForkJoinTask.exec(ExecutionContextImpl.scala:140)
	at java.util.concurrent.ForkJoinTask.doExec(ForkJoinTask.java:289)
	at java.util.concurrent.ForkJoinPool$WorkQueue.runTask(ForkJoinPool.java:1056)
	at java.util.concurrent.ForkJoinPool.runWorker(ForkJoinPool.java:1692)
	at java.util.concurrent.ForkJoinWorkerThread.run(ForkJoinWorkerThread.java:157)
2017-09-01 19:40:34,211 [INFO] from play.api.http.EnabledFilters in scala-execution-context-global-699 - Enabled Filters (see <https://www.playframework.com/documentation/latest/Filters>):


2017-09-01 19:40:34,211 [INFO] from play.api.Play in scala-execution-context-global-699 - Application started (Dev)
2017-09-01 19:41:38,443 [INFO] from play.api.http.EnabledFilters in scala-execution-context-global-750 - Enabled Filters (see <https://www.playframework.com/documentation/latest/Filters>):


2017-09-01 19:41:38,444 [INFO] from play.api.Play in scala-execution-context-global-750 - Application started (Dev)
2017-09-02 09:46:20,257 [WARN] from com.zaxxer.hikari.pool.HikariPool in db housekeeper - db - Thread starvation or clock leap detected (housekeeper delta=13h59m39s785ms335탎811ns).
2017-09-02 11:58:17,367 [WARN] from com.zaxxer.hikari.pool.HikariPool in db housekeeper - db - Thread starvation or clock leap detected (housekeeper delta=1h47m56s880ms868탎276ns).
